[RUN #0 100 10]
259 435 -729 -365 383 -57 347 -580 -58 855 229 391 -153 -458 -349 -674 -179 718 -73 -213 543 -110 813 -578 -547 817 589 -894 -760 -497 -538 209 840 -154 -993 -274 -731 275 514 -828 350 -369 -408 -825 559 -991 -451 114 -850 297 -653 7 149 -868 410 -394 -316 -779 -748 -5 -133 206 248 -686 442 246 -990 -26 -147 379 -375 -469 -902 876 962 525 690 866 982 -9 -326 -281 -569 937 449 775 -972 228 -656 994 -257 -298 -514 970 -904 -265 423 -976 -420 -214
593 408 768 235 303 864 622 -532 -640 -644 -877 479 -35 509 -48 -664 906 -915 -864 -467 584 -648 685 -384 -547 461 279 658 -966 -710 -909 395 -56 -854 -825 -340 710 -992 359 -397 -514 -147 -4 798 237 782 907 637 -431 -989 334 -423 91 -524 -101 -489 -321 424 251 -617 -40 139 318 304 486 -380 886 260 -577 289 377 -136 797 -921 163 699 129 -300 977 241 901 -157 -301 -660 496 -988 566 368 -130 -910 -420 -799 383 438 666 -826 411 -137 162 603
-800 -520 -205 556 -748 -278 541 -692 175 616 -848 268 -944 -976 -831 162 322 857 -210 368 -384 -347 766 177 -485 437 184 865 578 2 -327 -11 -3 870 -659 40 -145 809 -424 621 681 -418 602 249 641 -450 -552 923 -34 247 687 297 834 895 282 96 -716 -927 -708 -556 424 156 -206 75 -354 -372 -264 -754 70 626 291 -179 773 451 -28 586 119 359 -359 532 -999 87 164 815 -488 -6 -248 423 -633 -929 227 -356 -662 -857 286 622 905 -411 -793 -306
-907 361 -885 867 -921 -9 302 -50 -980 637 792 704 139 -508 422 52 594 947 -186 212 -848 -501 790 563 389 386 -138 758 -225 625 -456 -852 -778 -862 -137 -28 -608 48 721 -873 -619 -814 -936 906 746 43 930 -67 638 -323 -396 80 714 -928 -588 936 584 672 -615 774 -179 -750 -773 -525 398 492 -667 -341 79 586 609 -577 273 -876 808 -798 693 -178 396 990 533 148 -455 -912 779 -292 814 870 -255 388 75 -659 -966 275 805 172 351 -496 -43 -119
[RUN #1 10 10]
-277 688 -737 713 -15 -307 -840 -76 319 -548
31 556 -648 158 -767 885 256 -288 926 -136
-997 176 -233 918 984 -468 740 992 718 -397
-508 704 802 -961 873 374 -377 801 376 291
308 983 -788 508 -627 905 -681 847 -289 -806
574 -810 991 -329 -274 164 278 -975 908 875
-843 -28 -371 499 262 443 753 -624 189 -741
-214 -309 -558 407 -27 889 -344 17 -131 -561
-427 -695 -948 -610 267 743 876 832 -84 -607
705 447 284 -319 -261 -356 392 187 611 713
[RUN #2 20 10]
81 -470 -509 629 525 -748 -551 43 -579 554 33 758 354 337 891 -447 417 466 -809 574
786 515 88 -369 -716 500 607 323 161 750 -278 -897 604 -427 -757 547 -368 -635 663 39
-174 -562 762 -795 -23 -617 -108 962 -269 -577 -635 861 -233 -319 740 615 -386 425 396 -109
-873 -933 701 500 780 -356 162 176 -800 -859 -271 530 -438 -794 -977 591 765 -670 -881 789
-422 106 109 -516 -502 -718 361 63 -997 237 -954 254 446 -338 -774 -750 -580 706 784 211
-280 395 131 -739 -892 805 557 -656 13 -189 280 636 115 -378 -274 -163 -883 809 -351 179
257 870 681 -705 800 683 -849 428 134 72 234 -399 -999 656 -265 444 338 937 158 -979
79 -897 616 -294 -800 -462 -838 230 506 987 -846 459 -154 -283 351 826 361 -250 566 594
930 -138 835 -752 -800 393 916 207 -582 -379 -8 735 -926 -413 539 -183 -200 630 -852 -686
-349 751 -794 -266 -646 335 -568 796 169 -362 -203 308 75 -958 911 243 25 794 -325 483
[RUN #3 10 10]
-671 833 -335 -684 536 808 -743 -939 700 -760
366 -648 -605 -682 -459 562 622 464 878 -17
741 -854 200 -274 -72 -640 -553 -534 313 -163
-258 579 -775 -479 696 -67 -431 19 441 824
299 -782 329 446 64 209 -952 836 -314 -374
-742 -30 461 -992 242 -249 641 271 -628 -854
-811 -298 -487 369 -33 306 783 -429 -473 -877
317 159 568 429 549 -3 557 -231 691 391
204 714 -723 -584 684 -221 308 51 -699 181
-898 -354 888 -26 413 -603 -7 116 -698 305
[RUN #4 10 100]
648 743 897 -302 860 -510 807 39 895 440
114 -89 499 334 -704 965 -243 955 -532 -169
492 532 -297 -636 -685 640 -756 -502 -993 -10
-149 535 285 -29 42 -723 693 -806 -565 -294
-893 -262 -76 639 48 221 914 186 38 -551
-386 345 -101 -469 96 58 -331 -455 8 -883
772 472 -267 806 -390 -105 656 527 -25 665
-469 -324 685 72 803 -771 -762 784 988 -69
-297 909 804 687 -856 -871 -874 -628 -453 37
50 -826 -205 854 903 -786 159 -663 -995 141
101 813 -895 -632 483 374 718 476 -818 -718
782 -951 154 -541 213 -633 -297 841 829 262
-877 -435 895 592 -75 -105 453 -448 43 -901
951 -700 -574 -441 -642 913 846 -509 875 891
-61 -582 714 436 -17 -669 -729 -157 -989 882
751 -159 390 641 804 -428 117 445 -271 -257
9 616 -821 570 391 -28 794 -66 397 473
-958 135 262 -482 332 -404 885 349 -891 556
-312 -729 -309 72 -396 160 -63 -942 214 -709
-609 896 292 794 -947 42 890 -424 10 684
-200 623 664 715 330 -108 505 -590 74 938
645 819 -555 986 -809 459 -758 -934 266 -600
101 371 -268 -542 -513 -156 670 267 69 -719
-603 -398 -28 415 -731 992 -500 -315 -267 -417
290 121 817 -332 979 594 -380 -238 -434 -815
902 246 -265 -517 346 210 -363 -118 985 379
-899 -468 -437 714 340 91 -258 227 442 -960
538 86 -338 597 -881 -376 0 -163 354 -626
-269 -700 -690 243 706 485 -576 -162 427 -395
-829 -865 405 19 -362 634 -110 -463 334 472
-884 -944 -456 -171 -264 98 -280 -325 694 -274
869 -900 -182 973 349 413 -648 -309 723 721
-276 294 140 -299 -829 -856 -252 -326 313 -442
172 -120 169 337 534 401 -575 126 896 417
249 -894 185 531 966 -66 998 -128 -554 -979
-56 49 859 259 -426 39 -828 -234 853 540
-11 491 585 17 -69 881 -571 524 529 454
-298 -862 -444 -869 408 -504 -811 864 -322 61
673 339 71 6 13 -913 -355 831 -252 -881
505 -649 -972 -495 117 -348 -678 -455 -404 -763
-422 -203 676 934 -651 -189 362 -414 -83 231
-991 -604 -753 -715 -959 -912 597 86 -295 468
933 -613 -171 -730 66 -11 -756 -356 817 592
-854 815 -266 639 787 459 -402 -19 -90 -960
784 -346 -168 -829 489 315 685 -609 484 -392
471 -469 375 -647 -41 -321 570 897 -896 672
-288 -837 618 -724 -667 -486 717 -154 851 665
917 -542 -837 68 -45 427 24 181 -128 -733
567 530 750 -723 -415 107 -581 -220 -368 241
-407 663 -809 487 604 228 -912 415 -117 401
-721 -726 922 405 384 -354 702 -642 -276 -757
516 -130 527 -669 -382 633 -867 -502 -132 705
-787 138 828 290 305 -80 -408 -129 269 956
863 -558 -179 785 -851 293 -496 -891 378 185
-217 -472 -924 526 272 391 -796 -699 124 139
-385 74 -13 -473 -881 19 98 978 -233 -160
-204 849 -581 -189 364 341 -538 748 -870 -467
553 831 538 11 -899 581 -805 476 377 569
131 211 -482 -270 -674 -32 -790 -813 460 -630
-534 -7 -113 -274 841 -563 325 -754 982 -803
-685 415 24 478 922 553 720 35 -79 582
417 186 842 90 14 -929 -949 96 -307 251
59 -989 -47 404 -687 -316 30 -323 -570 565
-701 -667 298 -833 -481 988 -369 309 -864 689
457 79 190 724 -789 -127 -124 -868 -214 -355
601 -817 293 -665 -859 -961 769 34 859 555
932 368 -537 -141 363 -347 -117 483 -138 282
-917 -136 -11 948 792 -405 -394 -495 489 253
355 -285 645 343 -85 131 828 259 331 -203
-931 332 930 -919 208 -148 537 -266 -174 -966
509 748 779 -256 962 -671 715 -940 987 464
500 -422 -152 235 -557 -251 568 26 -614 920
691 -140 298 241 512 -133 133 -728 -781 926
-116 277 248 471 401 819 -840 -548 315 399
-857 -270 639 -634 965 865 -636 -526 755 -147
731 -412 187 898 -534 680 975 -722 954 -400
885 239 -544 -960 306 -582 -147 -396 -876 -659
-841 -619 -373 991 -540 -270 -701 119 -68 -501
-156 989 -912 67 -416 -342 -928 -107 -328 646
-756 -928 343 -30 150 997 687 498 408 -378
-550 -451 67 -649 571 -576 -191 -56 637 -22
-880 -314 -448 -264 -23 -940 341 444 -551 -370
996 708 430 -976 837 62 -985 -164 -196 750
682 -858 -127 54 907 299 186 149 124 -573
-274 119 220 792 -790 -444 -60 12 671 -674
662 -240 800 -723 487 -328 349 898 -943 -800
-817 -769 -27 369 -658 -669 253 3 86 -384
-236 -577 -835 305 746 373 -841 -23 -118 696
839 788 -257 -250 -444 -485 -503 -916 139 -195
-560 -455 199 515 491 51 -283 434 -438 421
99 445 444 141 863 227 845 -145 -51 965
43 644 -893 -322 -170 737 853 195 558 631
946 -201 842 823 680 -992 -334 970 626 239
-50 -29 -35 784 -331 -352 206 -236 503 588
-592 -527 -820 137 822 285 -530 -821 232 -866
-810 264 -939 -742 252 -261 388 506 840 -83
697 395 -460 39 -413 -823 21 -853 -936 -355
-1000 87 -254 -925 228 158 350 -460 -19 254
-439 -568 -478 781 -793 -246 316 760 551 -503
902 -200 585 865 -861 627 928 -371 880 -432
[RUN #5 15 100]
889 930 954 411 39 -235 131 -325 -350 59 384 269 -47 42 -720
-771 900 -932 304 143 -562 -599 327 102 637 -7 156 323 -293 -723
-400 400 360 841 435 369 122 -81 -904 -706 473 -163 -638 81 532
249 -272 462 636 -6 204 -549 -280 841 354 -684 34 -346 935 -360
-917 429 -408 -163 823 162 -314 -13 589 -421 -359 263 -270 -57 -740
251 93 144 842 -910 -686 -824 471 304 -803 400 -540 -413 -635 -646
-840 202 -804 262 -910 512 271 -154 -868 -890 426 344 320 -584 -440
-284 839 -31 -157 988 42 343 863 320 989 949 -48 -828 520 267
449 -697 153 939 -253 355 260 -485 102 567 693 145 694 -550 -545
794 442 725 -595 922 -705 691 856 780 -570 647 -263 677 439 -412
996 -605 388 743 245 -595 -253 723 727 -516 -542 197 50 848 -230
-261 -78 909 -641 -515 -619 -623 -782 -567 -145 -535 -106 -975 -820 193
-534 63 314 427 761 845 -246 607 -464 285 361 -629 177 -408 -215
760 -82 986 -355 -193 47 975 783 -157 497 -153 -375 -275 -661 523
[RUN #6 12 100]
150 -268 48 741 -343 286 762 -804 232 -902 40 364
990 -523 390 -348 -925 -91 708 -155 -109 -926 -222 543
-781 441 169 -945 -456 305 539 421 97 -58 967 578
947 -928 -783 961 -329 -723 532 544 523 -102 -67 -448
319 -413 680 -985 210 187 884 -596 561 -484 317 930
710 -39 255 -179 96 261 -934 -847 -471 236 759 298
-58 -48 -428 558 593 404 -370 812 -927 -817 -80 -936
-750 -263 66 -32 262 -891 291 283 916 152 -373 652
177 -807 -305 401 -447 -631 899 991 18 -386 434 -756
418 281 812 374 983 662 -118 -294 -940 -968 -20 -605
440 439 -893 980 257 -690 -877 -914 906 475 116 -833
853 61 -223 13 970 -344 -858 916 138 -235 676 907
189 -244 -184 537 -207 -666 962 -747 451 330 -91 -472
517 -305 -671 -517 46 478 224 243 -353 -502 213 -726
-316 -712 -986 730 243 287 680 -560 494 -500 720 929
106 -598 245 -168 -908 83 538 -510 862 347 -995 975
293 469 -612 -594 660 219 373 -277 -957 -438 480 -772
768 13 912 742 -241 866 -484 988 646 874 463 -488
-721 582 866 218 -257 -350 -465 358 942 -402 -660 -29
366 828 531 823 117 6 -609 873 317 399 -697 -107
-360 -654 475 486 48 -505 885 -182 566 620 231 -816
-876 467 -415 396 422 -326 586 385 -620 -400 -250 122
[RUN #7 11 100]
-718 -243 -705 110 635 -175 -259 643 738 -839 92
262 -486 -717 -462 372 -508 -130 949 -612 432 -53
94 394 489 -304 -658 149 422 249 592 307 912
-800 -774 271 -251 757 782 -849 588 604 -619 270
309 532 738 -566 119 268 -263 471 -789 86 -675
-385 -298 -147 361 -719 -364 943 -867 -142 492 306
-724 -485 236 -711 692 -761 -758 184 -389 715 855
225 -357 759 -94 351 868 669 646 56 -560 746
-291 -950 -750 -654 -612 731 -551 332 945 614 -534
-506 -124 739 -621 -626 930 942 -709 57 -268 -538
185 -274 -811 -838 116 440 203 -516 564 70 138
-412 -579 -586 254 359 -179 -191 -60 -148 -444 300
510 -719 -336 14 -977 156 -1000 -252 -553 406 900
348 549 -748 -740 92 991 140 -974 -325 -12 619
704 628 471 -894 915 790 -531 788 -196 -435 409
405 -847 -682 588 368 498 -976 -262 -365 876 163
-97 -772 461 -45 -175 -3 -44 929 184 243 393
111 180 291 -269 377 529 457 -851 -295 -163 -53
-118 -866 822 -525 -342 -518 776 -143 -53 -641 -963
-276 464 789 364 37 710 895 751 309 68 -945
389 411 58 -232 -681 -888 631 -19 -308 207 -68
-464 -377 227 -265 -729 -133 808 -176 907 107 855
806 -47 -289 65 -960 845 -780 -975 908 -340 -554
-477 -866 632 -965 -982 -239 -495 -347 -870 -522 775
124 -404 -879 -974 976 -885 230 -47 988 -815 -950
303 -597 556 -546 579 -387 219 -788 222 402 -568
-378 357 -3 930 -322 -6 740 -23 129 -891 110
-888 -809 115 616 240 400 61 426 435 984 739
367 -271 148 937 -913 -289 991 55 298 -629 550
-105 -92 -721 -324 67 618 511 -802 -195 -572 -715
-587 865 147 -732 770 990 -124 360 -933 332 -664
208 990 -561 -675 764 -86 -91 -283 -520 426 -504
928 -834 492 402 886 -642 -146 -632 707 -355 202
[RUN #8 10 100]
-786 351 -133 -733 -936 -501 -464 567 -572 990
-65 447 -945 -505 -341 495 479 741 510 97
679 -681 -128 -314 532 -352 -12 -826 -53 604
76 -210 955 537 947 629 938 529 -847 113
117 271 -862 -753 967 -264 661 -868 565 -559
73 512 -64 -277 929 -350 -13 438 -688 -483
-114 553 988 120 -850 704 780 591 102 -471
236 -242 -335 -379 -612 -819 208 136 -724 818
-546 420 220 50 -819 247 582 922 -536 -361
-329 -518 468 856 -284 -900 72 -41 -774 789
581 850 -985 -266 -193 -884 -73 -641 863 -454
-96 944 -489 -993 79 64 -233 -365 -711 -901
856 772 -344 -526 -297 262 -767 480 -961 -533
134 729 -993 -949 456 -234 -503 587 -548 -132
79 -175 -203 496 -954 339 -749 -37 -735 -90
348 832 123 799 559 -208 197 277 -105 -647
-510 -879 57 156 224 -833 -694 -770 15 217
924 68 -594 -904 742 885 305 708 -187 -990
-827 -206 765 -293 166 -938 -637 -410 157 -314
492 -917 -32 683 -731 -422 -326 -566 -733 347
971 237 -839 -566 -832 -601 -560 -29 730 -909
-159 989 -771 -458 572 -264 -59 -141 -12 -211
873 -313 -832 745 403 -675 -741 -803 -778 -354
757 -42 -18 -538 824 952 -97 131 -861 -792
-506 -802 963 379 85 -254 -949 -199 554 -195
355 -51 967 -777 749 -547 -867 969 -415 213
-152 -565 -169 -978 522 -645 -140 179 519 -46
-162 637 482 -989 508 945 188 986 520 922
-584 -869 755 -288 455 738 113 -169 849 -237
-639 673 662 -282 -929 -318 -47 378 200 -428
-699 -359 616 414 375 -306 938 91 234 -825
276 -146 -209 109 -856 902 -725 -336 164 -150
-961 -76 615 802 -96 555 647 59 -909 -164
105 65 -940 -547 -580 -953 473 732 304 -13
477 269 -196 944 821 -575 -913 -443 -868 -796
-689 -54 -365 558 -386 132 320 78 441 23
-683 -597 316 -74 970 10 -152 95 85 -623
809 422 725 -707 -926 -755 -930 968 327 -231
724 322 -511 609 -701 432 -164 -563 33 467
351 -910 -53 -268 375 997 -97 386 -729 68
-388 -351 87 583 -959 922 366 -585 680 -890
447 -286 912 645 363 344 861 -678 -79 148
927 258 276 165 745 702 -819 902 764 327
-823 -186 -676 -189 -24 -95 810 -506 312 -680
-736 -566 -640 -658 -671 -219 -397 -610 51 469
870 477 583 693 -960 -669 313 -743 -769 -644
-613 -936 883 216 -935 505 244 -914 -700 11
922 -380 -383 -900 -603 778 -604 952 -164 -237
-753 -125 159 609 -598 -246 -386 520 936 343
-748 -941 -409 -496 -581 -308 886 491 138 -711
816 -794 -128 -663 -812 -172 679 -312 613 831
-246 210 925 -746 -789 955 272 -584 -3 570
78 -402 837 -316 -2 84 348 311 -938 708
81 -54 681 -971 -641 -828 -77 -393 413 184
947 26 122 715 -725 -425 -485 166 -37 9
-348 -44 -924 -45 -218 -388 0 -846 422 -796
127 -802 770 6 -166 572 -239 741 805 360
-699 951 17 -230 993 237 547 718 930 -236
-795 912 -620 734 -389 -367 -185 -390 588 -83
142 541 564 -269 160 396 13 436 559 -897
173 -553 -370 646 647 612 -306 94 878 312
-866 81 149 905 -187 980 779 675 -168 96
-103 190 -331 423 -127 808 180 81 165 -281
468 -29 259 92 -238 587 5 598 -755 706
202 857 601 361 997 -189 -45 -399 -819 198
-769 -857 625 98 -925 -923 713 11 -587 -951
754 978 -94 508 75 87 653 -434 646 923
335 198 501 -433 -535 490 475 727 402 623
271 849 821 -237 846 -351 -939 -668 -709 -742
80 136 700 -533 349 -853 -826 712 -424 481
588 -944 -337 -531 626 -77 621 -652 -281 871
775 889 -449 870 840 940 -192 -518 556 -588
561 231 -575 870 488 -196 -876 -853 579 -872
-84 146 -904 934 815 786 -376 478 907 -912
-228 667 335 -133 -33 610 654 477 -939 -324
-772 627 -281 671 935 -372 -248 870 321 11
602 364 -855 83 -320 -958 -221 -759 114 247
813 646 692 994 -45 -328 -680 -487 -44 -525
648 -138 -680 -349 -650 -842 729 -728 942 529
-842 422 483 413 -90 136 461 -506 -603 664
-294 -405 804 -767 966 -717 116 443 46 511
-194 -791 363 -176 -42 527 -573 662 -730 -116
-231 -629 -491 -216 -873 529 -219 864 912 67
241 34 -188 775 152 -555 -898 625 642 108
-93 657 -147 476 -878 206 -732 -508 -628 903
-823 847 96 -884 -113 120 951 351 93 641
-724 -446 979 875 712 4 -795 -393 860 81
27 -673 937 -424 -735 542 -398 -888 -287 -833
391 -132 16 830 -402 20 991 195 997 189
-939 -745 250 -731 -924 -985 405 -786 -891 24
-11 -195 489 530 -344 -869 -936 -830 287 921
315 -146 933 76 148 -448 -274 994 -117 -835
543 790 778 -894 -399 814 -92 -546 -805 -982
-344 334 -10 558 -173 -493 782 262 -465 -331
-318 678 -816 -728 -441 -585 -187 843 -589 -758
636 -486 175 -512 -958 -244 -885 19 609 951
-228 249 -523 539 654 -691 763 989 -64 -574
16 -392 400 -157 -369 790 -116 772 -771 -894
486 445 949 -237 647 378 385 744 -809 -762
-549 -690 926 588 482 -116 780 -649 139 897
[RUN #9 11 100]
962 -158 -523 299 -509 389 -227 905 -994 628 -626
379 -119 -746 78 -133 979 910 248 -284 700 45
177 410 -119 -803 -223 -945 -465 710 350 -708 -231
101 -265 186 878 -192 958 -566 645 275 -617 672
678 -475 -688 814 -775 244 -497 286 -2 669 -177
557 -517 281 248 604 197 690 -702 306 -467 -233
414 377 720 -462 283 -19 878 -290 -580 892 -514
